0 info it worked if it ends with ok
1 verbose cli [ '/usr/local/bin/node',
1 verbose cli   '/usr/local/bin/npm',
1 verbose cli   'install',
1 verbose cli   '--save',
1 verbose cli   'zlib' ]
2 info using npm@3.10.10
3 info using node@v6.11.2
4 silly loadCurrentTree Starting
5 silly install loadCurrentTree
6 silly install readLocalPackageData
7 silly fetchPackageMetaData zlib
8 silly fetchNamedPackageData zlib
9 silly mapToRegistry name zlib
10 silly mapToRegistry scope (from config) @macrostrat
11 verbose mapToRegistry no registry URL found in config for scope @macrostrat
12 silly mapToRegistry using default registry
13 silly mapToRegistry registry https://registry.npmjs.org/
14 silly mapToRegistry data Result {
14 silly mapToRegistry   raw: 'zlib',
14 silly mapToRegistry   scope: null,
14 silly mapToRegistry   escapedName: 'zlib',
14 silly mapToRegistry   name: 'zlib',
14 silly mapToRegistry   rawSpec: '',
14 silly mapToRegistry   spec: 'latest',
14 silly mapToRegistry   type: 'tag' }
15 silly mapToRegistry uri https://registry.npmjs.org/zlib
16 verbose request uri https://registry.npmjs.org/zlib
17 verbose request no auth needed
18 info attempt registry request try #1 at 12:46:44 PM
19 verbose request using bearer token for auth
20 verbose request id c1350935f38dcb98
21 http request GET https://registry.npmjs.org/zlib
22 http 200 https://registry.npmjs.org/zlib
23 verbose headers { 'content-type': 'application/json; charset=UTF-8',
23 verbose headers   server: 'UploadServer',
23 verbose headers   'cache-control': 'max-age=300',
23 verbose headers   'last-modified': 'Wed, 24 Jan 2018 7:13:28 GMT',
23 verbose headers   etag: '"5a683218-1874"',
23 verbose headers   'x-npm-region': 'US-Central',
23 verbose headers   'content-encoding': 'gzip',
23 verbose headers   'content-length': '1394',
23 verbose headers   'accept-ranges': 'bytes',
23 verbose headers   date: 'Mon, 12 Feb 2018 18:46:44 GMT',
23 verbose headers   via: '1.1 varnish',
23 verbose headers   age: '0',
23 verbose headers   connection: 'keep-alive',
23 verbose headers   'x-served-by': 'cache-mdw17349-MDW',
23 verbose headers   'x-cache': 'MISS',
23 verbose headers   'x-cache-hits': '0',
23 verbose headers   'x-timer': 'S1518461205.522881,VS0,VE68',
23 verbose headers   vary: 'Accept-Encoding, Accept' }
24 silly get cb [ 200,
24 silly get   { 'content-type': 'application/json; charset=UTF-8',
24 silly get     server: 'UploadServer',
24 silly get     'cache-control': 'max-age=300',
24 silly get     'last-modified': 'Wed, 24 Jan 2018 7:13:28 GMT',
24 silly get     etag: '"5a683218-1874"',
24 silly get     'x-npm-region': 'US-Central',
24 silly get     'content-encoding': 'gzip',
24 silly get     'content-length': '1394',
24 silly get     'accept-ranges': 'bytes',
24 silly get     date: 'Mon, 12 Feb 2018 18:46:44 GMT',
24 silly get     via: '1.1 varnish',
24 silly get     age: '0',
24 silly get     connection: 'keep-alive',
24 silly get     'x-served-by': 'cache-mdw17349-MDW',
24 silly get     'x-cache': 'MISS',
24 silly get     'x-cache-hits': '0',
24 silly get     'x-timer': 'S1518461205.522881,VS0,VE68',
24 silly get     vary: 'Accept-Encoding, Accept' } ]
25 verbose get saving zlib to /Users/john/.npm/registry.npmjs.org/zlib/.cache.json
26 verbose correctMkdir /Users/john/.npm correctMkdir not in flight; initializing
27 silly install normalizeTree
28 silly loadCurrentTree Finishing
29 silly loadIdealTree Starting
30 silly install loadIdealTree
31 silly cloneCurrentTree Starting
32 silly install cloneCurrentTreeToIdealTree
33 silly cloneCurrentTree Finishing
34 silly loadShrinkwrap Starting
35 silly install loadShrinkwrap
36 silly loadShrinkwrap Finishing
37 silly loadAllDepsIntoIdealTree Starting
38 silly install loadAllDepsIntoIdealTree
39 silly resolveWithNewModule zlib@1.0.5 checking installable status
40 silly cache add args [ 'zlib', null ]
41 verbose cache add spec zlib
42 silly cache add parsed spec Result {
42 silly cache add   raw: 'zlib',
42 silly cache add   scope: null,
42 silly cache add   escapedName: 'zlib',
42 silly cache add   name: 'zlib',
42 silly cache add   rawSpec: '',
42 silly cache add   spec: 'latest',
42 silly cache add   type: 'tag' }
43 silly addNamed zlib@latest
44 verbose addNamed "latest" is being treated as a dist-tag for zlib
45 info addNameTag [ 'zlib', 'latest' ]
46 silly mapToRegistry name zlib
47 silly mapToRegistry scope (from config) @macrostrat
48 verbose mapToRegistry no registry URL found in config for scope @macrostrat
49 silly mapToRegistry using default registry
50 silly mapToRegistry registry https://registry.npmjs.org/
51 silly mapToRegistry data Result {
51 silly mapToRegistry   raw: 'zlib',
51 silly mapToRegistry   scope: null,
51 silly mapToRegistry   escapedName: 'zlib',
51 silly mapToRegistry   name: 'zlib',
51 silly mapToRegistry   rawSpec: '',
51 silly mapToRegistry   spec: 'latest',
51 silly mapToRegistry   type: 'tag' }
52 silly mapToRegistry uri https://registry.npmjs.org/zlib
53 verbose addNameTag registry:https://registry.npmjs.org/zlib not in flight; fetching
54 verbose get https://registry.npmjs.org/zlib not expired, no request
55 silly addNameTag next cb for zlib with tag latest
56 silly addNamed zlib@1.0.5
57 verbose addNamed "1.0.5" is a plain semver version for zlib
58 silly mapToRegistry name zlib
59 silly mapToRegistry scope (from config) @macrostrat
60 verbose mapToRegistry no registry URL found in config for scope @macrostrat
61 silly mapToRegistry using default registry
62 silly mapToRegistry registry https://registry.npmjs.org/
63 silly mapToRegistry data Result {
63 silly mapToRegistry   raw: 'zlib',
63 silly mapToRegistry   scope: null,
63 silly mapToRegistry   escapedName: 'zlib',
63 silly mapToRegistry   name: 'zlib',
63 silly mapToRegistry   rawSpec: '',
63 silly mapToRegistry   spec: 'latest',
63 silly mapToRegistry   type: 'tag' }
64 silly mapToRegistry uri https://registry.npmjs.org/zlib
65 verbose addRemoteTarball https://registry.npmjs.org/zlib/-/zlib-1.0.5.tgz not in flight; adding
66 verbose addRemoteTarball [ 'https://registry.npmjs.org/zlib/-/zlib-1.0.5.tgz',
66 verbose addRemoteTarball   '6e7c972fc371c645a6afb03ab14769def114fcc0' ]
67 info retry fetch attempt 1 at 12:46:44 PM
68 info attempt registry request try #1 at 12:46:44 PM
69 http fetch GET https://registry.npmjs.org/zlib/-/zlib-1.0.5.tgz
70 verbose request using bearer token for auth
71 http fetch 200 https://registry.npmjs.org/zlib/-/zlib-1.0.5.tgz
72 silly fetchAndShaCheck shasum 6e7c972fc371c645a6afb03ab14769def114fcc0
73 verbose addTmpTarball /var/folders/x1/tmxdm5s12cx9118q2_8kn1y00000gn/T/npm-50699-32509c5d/registry.npmjs.org/zlib/-/zlib-1.0.5.tgz not in flight; adding
74 verbose addTmpTarball already have metadata; skipping unpack for zlib@1.0.5
75 verbose correctMkdir /Users/john/.npm correctMkdir not in flight; initializing
76 silly cache afterAdd zlib@1.0.5
77 verbose afterAdd /Users/john/.npm/zlib/1.0.5/package/package.json not in flight; writing
78 verbose correctMkdir /Users/john/.npm correctMkdir not in flight; initializing
79 verbose afterAdd /Users/john/.npm/zlib/1.0.5/package/package.json written
80 silly loadAllDepsIntoIdealTree Finishing
81 silly loadIdealTree Finishing
82 silly currentTree tileserver@1.0.0
82 silly currentTree ├─┬ @macrostrat/pg-helper@1.0.0
82 silly currentTree │ └── pg@7.4.1
82 silly currentTree ├─┬ @mapbox/mbtiles@0.9.0
82 silly currentTree │ └── @mapbox/sphericalmercator@1.0.5
82 silly currentTree ├── @mapbox/tile-cover@3.0.2
82 silly currentTree ├── @mapbox/tilebelt@1.0.1
82 silly currentTree ├── @mapbox/tiletype@0.3.1
82 silly currentTree ├── @turf/helpers@4.6.0
82 silly currentTree ├── @turf/inside@4.6.0
82 silly currentTree ├── @turf/invariant@4.6.0
82 silly currentTree ├── @turf/random@4.5.2
82 silly currentTree ├── @turf/sample@4.6.0
82 silly currentTree ├── @turf/within@4.6.0
82 silly currentTree ├── accepts@1.3.4
82 silly currentTree ├── active-cache@0.1.0
82 silly currentTree ├── ajv@4.11.8
82 silly currentTree ├── ansi-regex@2.1.1
82 silly currentTree ├── ansi-styles@2.2.1
82 silly currentTree ├── ansi@0.3.1
82 silly currentTree ├── aproba@1.1.2
82 silly currentTree ├── are-we-there-yet@1.1.4
82 silly currentTree ├── array-flatten@1.1.1
82 silly currentTree ├── asn1@0.2.3
82 silly currentTree ├── assert-plus@0.2.0
82 silly currentTree ├── assert@1.4.1
82 silly currentTree ├─┬ async-cache@1.1.0
82 silly currentTree │ └── lru-cache@4.1.1
82 silly currentTree ├── async@2.5.0
82 silly currentTree ├── asynckit@0.4.0
82 silly currentTree ├── aws-sign2@0.6.0
82 silly currentTree ├── aws4@1.6.0
82 silly currentTree ├── basic-auth@1.0.3
82 silly currentTree ├── bbox-intersect@0.1.1
82 silly currentTree ├── bcrypt-pbkdf@1.0.1
82 silly currentTree ├── bindings@1.2.1
82 silly currentTree ├── bl@1.2.1
82 silly currentTree ├── boom@2.10.1
82 silly currentTree ├── buffer-writer@1.0.1
82 silly currentTree ├── caching@0.1.4
82 silly currentTree ├── carto@0.15.2
82 silly currentTree ├── caseless@0.12.0
82 silly currentTree ├── chalk@1.1.3
82 silly currentTree ├── chownr@1.0.1
82 silly currentTree ├── clone@2.1.1
82 silly currentTree ├── co@4.6.0
82 silly currentTree ├── code-point-at@1.1.0
82 silly currentTree ├── combined-stream@1.0.5
82 silly currentTree ├── commander@2.11.0
82 silly currentTree ├── component-emitter@1.2.1
82 silly currentTree ├─┬ concat-stream@1.4.10
82 silly currentTree │ ├── isarray@0.0.1
82 silly currentTree │ ├── readable-stream@1.1.14
82 silly currentTree │ └── string_decoder@0.10.31
82 silly currentTree ├── connect-timeout@1.9.0
82 silly currentTree ├── console-control-strings@1.1.0
82 silly currentTree ├── content-disposition@0.5.2
82 silly currentTree ├── content-type@1.0.2
82 silly currentTree ├── cookie-signature@1.0.6
82 silly currentTree ├── cookie@0.3.1
82 silly currentTree ├── cookiejar@2.1.1
82 silly currentTree ├── core-util-is@1.0.2
82 silly currentTree ├── cryptiles@2.0.5
82 silly currentTree ├── d3-queue@2.0.3
82 silly currentTree ├─┬ dashdash@1.14.1
82 silly currentTree │ └── assert-plus@1.0.0
82 silly currentTree ├── debug@2.6.8
82 silly currentTree ├── deep-equal@0.2.2
82 silly currentTree ├── deep-extend@0.4.2
82 silly currentTree ├── defined@0.0.0
82 silly currentTree ├── delayed-stream@1.0.0
82 silly currentTree ├── delegates@1.0.0
82 silly currentTree ├── demolish@1.0.2
82 silly currentTree ├── depd@1.1.1
82 silly currentTree ├── destroy@1.0.4
82 silly currentTree ├── double-ended-queue@2.1.0-0
82 silly currentTree ├── ecc-jsbn@0.1.1
82 silly currentTree ├── ee-first@1.1.1
82 silly currentTree ├── encodeurl@1.0.1
82 silly currentTree ├── end-of-stream@1.4.0
82 silly currentTree ├── escape-html@1.0.3
82 silly currentTree ├── escape-string-regexp@1.0.5
82 silly currentTree ├── etag@1.8.0
82 silly currentTree ├── eventemitter3@1.1.1
82 silly currentTree ├── expand-template@1.1.0
82 silly currentTree ├── express@4.15.4
82 silly currentTree ├── extend@3.0.1
82 silly currentTree ├── extsprintf@1.3.0
82 silly currentTree ├── filesize-parser@1.4.1
82 silly currentTree ├── filesize@3.1.3
82 silly currentTree ├── finalhandler@1.0.4
82 silly currentTree ├── forever-agent@0.6.1
82 silly currentTree ├── form-data@2.1.4
82 silly currentTree ├── formidable@1.1.1
82 silly currentTree ├── forwarded@0.1.0
82 silly currentTree ├── fresh@0.5.0
82 silly currentTree ├── gauge@2.7.4
82 silly currentTree ├── generic-pool@2.4.6
82 silly currentTree ├─┬ geojson-bounds@1.0.1
82 silly currentTree │ ├── should-equal@0.8.0
82 silly currentTree │ ├── should-format@0.3.2
82 silly currentTree │ ├── should-type@0.2.0
82 silly currentTree │ └── should@8.4.0
82 silly currentTree ├── geojson-random@0.2.2
82 silly currentTree ├─┬ geojsonhint@1.2.1
82 silly currentTree │ └── minimist@1.1.1
82 silly currentTree ├─┬ getpass@0.1.7
82 silly currentTree │ └── assert-plus@1.0.0
82 silly currentTree ├── github-from-package@0.0.0
82 silly currentTree ├── glob@3.2.11
82 silly currentTree ├── har-schema@1.0.5
82 silly currentTree ├── har-validator@4.2.1
82 silly currentTree ├── has-ansi@2.0.0
82 silly currentTree ├── has-color@0.1.7
82 silly currentTree ├── has-unicode@2.0.1
82 silly currentTree ├── has@0.0.1
82 silly currentTree ├── hawk@3.1.3
82 silly currentTree ├── hiredis@0.5.0
82 silly currentTree ├── hoek@2.16.3
82 silly currentTree ├── http-errors@1.6.2
82 silly currentTree ├── http-signature@1.1.1
82 silly currentTree ├── http-status@0.2.5
82 silly currentTree ├── humanize-duration@3.3.0
82 silly currentTree ├── image-size@0.6.1
82 silly currentTree ├── inherits@2.0.3
82 silly currentTree ├── ini@1.3.4
82 silly currentTree ├── ipaddr.js@1.4.0
82 silly currentTree ├── is-fullwidth-code-point@1.0.0
82 silly currentTree ├── is-typedarray@1.0.0
82 silly currentTree ├── isarray@1.0.0
82 silly currentTree ├── isstream@0.1.2
82 silly currentTree ├── js-string-escape@1.0.1
82 silly currentTree ├── jsbn@0.1.1
82 silly currentTree ├── json-schema@0.2.3
82 silly currentTree ├── json-stable-stringify@1.0.1
82 silly currentTree ├── json-stringify-safe@5.0.1
82 silly currentTree ├── jsonify@0.0.0
82 silly currentTree ├── jsonlint-lines@1.7.1
82 silly currentTree ├── jsonparse@1.3.1
82 silly currentTree ├── JSONStream@1.3.2
82 silly currentTree ├─┬ jsprim@1.4.1
82 silly currentTree │ └── assert-plus@1.0.0
82 silly currentTree ├── JSV@4.0.2
82 silly currentTree ├── lodash.pad@4.5.1
82 silly currentTree ├── lodash.padend@4.6.1
82 silly currentTree ├── lodash.padstart@4.6.1
82 silly currentTree ├── lodash@4.17.4
82 silly currentTree ├── lru-cache@2.7.3
82 silly currentTree ├─┬ mapnik-pool@0.1.2
82 silly currentTree │ ├── generic-pool@2.2.2
82 silly currentTree │ └── xtend@3.0.0
82 silly currentTree ├── mapnik-reference@8.4.0
82 silly currentTree ├── mapnik-vector-tile@1.4.0
82 silly currentTree ├─┬ mapnik@3.6.2
82 silly currentTree │ └─┬ node-pre-gyp@0.6.36
82 silly currentTree │   ├─┬ mkdirp@0.5.1
82 silly currentTree │   │ └── minimist@0.0.8
82 silly currentTree │   ├─┬ nopt@4.0.1
82 silly currentTree │   │ ├── abbrev@1.1.0
82 silly currentTree │   │ └─┬ osenv@0.1.4
82 silly currentTree │   │   ├── os-homedir@1.0.2
82 silly currentTree │   │   └── os-tmpdir@1.0.2
82 silly currentTree │   ├─┬ npmlog@4.1.0
82 silly currentTree │   │ ├─┬ are-we-there-yet@1.1.4
82 silly currentTree │   │ │ ├── delegates@1.0.0
82 silly currentTree │   │ │ └─┬ readable-stream@2.2.11
82 silly currentTree │   │ │   ├── core-util-is@1.0.2
82 silly currentTree │   │ │   ├── inherits@2.0.3
82 silly currentTree │   │ │   ├── isarray@1.0.0
82 silly currentTree │   │ │   ├── process-nextick-args@1.0.7
82 silly currentTree │   │ │   ├── safe-buffer@5.0.1
82 silly currentTree │   │ │   ├── string_decoder@1.0.2
82 silly currentTree │   │ │   └── util-deprecate@1.0.2
82 silly currentTree │   │ ├── console-control-strings@1.1.0
82 silly currentTree │   │ ├─┬ gauge@2.7.4
82 silly currentTree │   │ │ ├── aproba@1.1.2
82 silly currentTree │   │ │ ├── has-unicode@2.0.1
82 silly currentTree │   │ │ ├── object-assign@4.1.1
82 silly currentTree │   │ │ ├── signal-exit@3.0.2
82 silly currentTree │   │ │ ├─┬ string-width@1.0.2
82 silly currentTree │   │ │ │ ├── code-point-at@1.1.0
82 silly currentTree │   │ │ │ └─┬ is-fullwidth-code-point@1.0.0
82 silly currentTree │   │ │ │   └── number-is-nan@1.0.1
82 silly currentTree │   │ │ ├─┬ strip-ansi@3.0.1
82 silly currentTree │   │ │ │ └── ansi-regex@2.1.1
82 silly currentTree │   │ │ └── wide-align@1.1.2
82 silly currentTree │   │ └── set-blocking@2.0.0
82 silly currentTree │   ├─┬ rc@1.2.1
82 silly currentTree │   │ ├── deep-extend@0.4.2
82 silly currentTree │   │ ├── ini@1.3.4
82 silly currentTree │   │ ├── minimist@1.2.0
82 silly currentTree │   │ └── strip-json-comments@2.0.1
82 silly currentTree │   ├─┬ request@2.81.0
82 silly currentTree │   │ ├── aws-sign2@0.6.0
82 silly currentTree │   │ ├── aws4@1.6.0
82 silly currentTree │   │ ├── caseless@0.12.0
82 silly currentTree │   │ ├─┬ combined-stream@1.0.5
82 silly currentTree │   │ │ └── delayed-stream@1.0.0
82 silly currentTree │   │ ├── extend@3.0.1
82 silly currentTree │   │ ├── forever-agent@0.6.1
82 silly currentTree │   │ ├─┬ form-data@2.1.4
82 silly currentTree │   │ │ └── asynckit@0.4.0
82 silly currentTree │   │ ├─┬ har-validator@4.2.1
82 silly currentTree │   │ │ ├─┬ ajv@4.11.8
82 silly currentTree │   │ │ │ ├── co@4.6.0
82 silly currentTree │   │ │ │ └─┬ json-stable-stringify@1.0.1
82 silly currentTree │   │ │ │   └── jsonify@0.0.0
82 silly currentTree │   │ │ └── har-schema@1.0.5
82 silly currentTree │   │ ├─┬ hawk@3.1.3
82 silly currentTree │   │ │ ├── boom@2.10.1
82 silly currentTree │   │ │ ├── cryptiles@2.0.5
82 silly currentTree │   │ │ ├── hoek@2.16.3
82 silly currentTree │   │ │ └── sntp@1.0.9
82 silly currentTree │   │ ├─┬ http-signature@1.1.1
82 silly currentTree │   │ │ ├── assert-plus@0.2.0
82 silly currentTree │   │ │ ├─┬ jsprim@1.4.0
82 silly currentTree │   │ │ │ ├── assert-plus@1.0.0
82 silly currentTree │   │ │ │ ├── extsprintf@1.0.2
82 silly currentTree │   │ │ │ ├── json-schema@0.2.3
82 silly currentTree │   │ │ │ └── verror@1.3.6
82 silly currentTree │   │ │ └─┬ sshpk@1.13.1
82 silly currentTree │   │ │   ├── asn1@0.2.3
82 silly currentTree │   │ │   ├── assert-plus@1.0.0
82 silly currentTree │   │ │   ├── bcrypt-pbkdf@1.0.1
82 silly currentTree │   │ │   ├── dashdash@1.14.1
82 silly currentTree │   │ │   ├── ecc-jsbn@0.1.1
82 silly currentTree │   │ │   ├── getpass@0.1.7
82 silly currentTree │   │ │   ├── jsbn@0.1.1
82 silly currentTree │   │ │   └── tweetnacl@0.14.5
82 silly currentTree │   │ ├── is-typedarray@1.0.0
82 silly currentTree │   │ ├── isstream@0.1.2
82 silly currentTree │   │ ├── json-stringify-safe@5.0.1
82 silly currentTree │   │ ├─┬ mime-types@2.1.15
82 silly currentTree │   │ │ └── mime-db@1.27.0
82 silly currentTree │   │ ├── oauth-sign@0.8.2
82 silly currentTree │   │ ├── performance-now@0.2.0
82 silly currentTree │   │ ├── qs@6.4.0
82 silly currentTree │   │ ├── safe-buffer@5.1.0
82 silly currentTree │   │ ├── stringstream@0.0.5
82 silly currentTree │   │ ├─┬ tough-cookie@2.3.2
82 silly currentTree │   │ │ └── punycode@1.4.1
82 silly currentTree │   │ ├── tunnel-agent@0.6.0
82 silly currentTree │   │ └── uuid@3.0.1
82 silly currentTree │   ├─┬ rimraf@2.6.1
82 silly currentTree │   │ └─┬ glob@7.1.2
82 silly currentTree │   │   ├── fs.realpath@1.0.0
82 silly currentTree │   │   ├─┬ inflight@1.0.6
82 silly currentTree │   │   │ └── wrappy@1.0.2
82 silly currentTree │   │   ├── inherits@2.0.3
82 silly currentTree │   │   ├─┬ minimatch@3.0.4
82 silly currentTree │   │   │ └─┬ brace-expansion@1.1.7
82 silly currentTree │   │   │   ├── balanced-match@0.4.2
82 silly currentTree │   │   │   └── concat-map@0.0.1
82 silly currentTree │   │   ├─┬ once@1.4.0
82 silly currentTree │   │   │ └── wrappy@1.0.2
82 silly currentTree │   │   └── path-is-absolute@1.0.1
82 silly currentTree │   ├── semver@5.3.0
82 silly currentTree │   ├─┬ tar-pack@3.4.0
82 silly currentTree │   │ ├─┬ debug@2.6.8
82 silly currentTree │   │ │ └── ms@2.0.0
82 silly currentTree │   │ ├─┬ fstream-ignore@1.0.5
82 silly currentTree │   │ │ ├── inherits@2.0.3
82 silly currentTree │   │ │ └─┬ minimatch@3.0.4
82 silly currentTree │   │ │   └─┬ brace-expansion@1.1.7
82 silly currentTree │   │ │     ├── balanced-match@0.4.2
82 silly currentTree │   │ │     └── concat-map@0.0.1
82 silly currentTree │   │ ├─┬ fstream@1.0.11
82 silly currentTree │   │ │ ├── graceful-fs@4.1.11
82 silly currentTree │   │ │ └── inherits@2.0.3
82 silly currentTree │   │ ├─┬ once@1.4.0
82 silly currentTree │   │ │ └── wrappy@1.0.2
82 silly currentTree │   │ ├─┬ readable-stream@2.2.11
82 silly currentTree │   │ │ ├── core-util-is@1.0.2
82 silly currentTree │   │ │ ├── inherits@2.0.3
82 silly currentTree │   │ │ ├── isarray@1.0.0
82 silly currentTree │   │ │ ├── process-nextick-args@1.0.7
82 silly currentTree │   │ │ ├── safe-buffer@5.0.1
82 silly currentTree │   │ │ ├── string_decoder@1.0.2
82 silly currentTree │   │ │ └── util-deprecate@1.0.2
82 silly currentTree │   │ └── uid-number@0.0.6
82 silly currentTree │   └─┬ tar@2.2.1
82 silly currentTree │     ├── block-stream@0.0.9
82 silly currentTree │     ├─┬ fstream@1.0.11
82 silly currentTree │     │ └── graceful-fs@4.1.11
82 silly currentTree │     └── inherits@2.0.3
82 silly currentTree ├── media-typer@0.3.0
82 silly currentTree ├── merge-descriptors@1.0.1
82 silly currentTree ├── methods@1.1.2
82 silly currentTree ├─┬ microtime@2.1.6
82 silly currentTree │ └── nan@2.6.2
82 silly currentTree ├── millisecond@0.1.2
82 silly currentTree ├── mime-db@1.29.0
82 silly currentTree ├── mime-types@2.1.16
82 silly currentTree ├── mime@1.3.4
82 silly currentTree ├── minimatch@0.3.0
82 silly currentTree ├── minimist@1.2.0
82 silly currentTree ├─┬ mkdirp@0.5.1
82 silly currentTree │ └── minimist@0.0.8
82 silly currentTree ├── ms@2.0.0
82 silly currentTree ├── nan@2.5.1
82 silly currentTree ├── negotiator@0.6.1
82 silly currentTree ├── node-abi@2.1.0
82 silly currentTree ├─┬ nomnom@1.8.1
82 silly currentTree │ ├── ansi-styles@1.0.0
82 silly currentTree │ ├── chalk@0.4.0
82 silly currentTree │ └── strip-ansi@0.1.1
82 silly currentTree ├── noop-logger@0.1.1
82 silly currentTree ├─┬ npmlog@1.2.1
82 silly currentTree │ ├── are-we-there-yet@1.0.6
82 silly currentTree │ └── gauge@1.2.7
82 silly currentTree ├── number-is-nan@1.0.1
82 silly currentTree ├── oauth-sign@0.8.2
82 silly currentTree ├── object-assign@4.1.1
82 silly currentTree ├── object-inspect@1.3.0
82 silly currentTree ├── on-finished@2.3.0
82 silly currentTree ├── on-headers@1.0.1
82 silly currentTree ├── once@1.4.0
82 silly currentTree ├── one-time@0.0.4
82 silly currentTree ├─┬ optimist@0.6.1
82 silly currentTree │ └── minimist@0.0.10
82 silly currentTree ├── os-homedir@1.0.2
82 silly currentTree ├── packet-reader@0.3.1
82 silly currentTree ├── parseurl@1.3.1
82 silly currentTree ├── path-to-regexp@0.1.7
82 silly currentTree ├── performance-now@0.2.0
82 silly currentTree ├── pg-connection-string@0.1.3
82 silly currentTree ├── pg-cursor@1.3.0
82 silly currentTree ├── pg-pool@2.0.3
82 silly currentTree ├── pg-query-stream@1.1.1
82 silly currentTree ├── pg-types@1.12.1
82 silly currentTree ├── pg@7.3.0
82 silly currentTree ├── pgpass@1.0.2
82 silly currentTree ├── postgres-array@1.0.2
82 silly currentTree ├── postgres-bytea@1.0.0
82 silly currentTree ├── postgres-date@1.0.3
82 silly currentTree ├── postgres-interval@1.1.1
82 silly currentTree ├─┬ prebuild-install@2.2.2
82 silly currentTree │ └── npmlog@4.1.2
82 silly currentTree ├── process-nextick-args@1.0.7
82 silly currentTree ├── progress@2.0.0
82 silly currentTree ├── protozero@1.5.1
82 silly currentTree ├── proxy-addr@1.1.5
82 silly currentTree ├── pseudomap@1.0.2
82 silly currentTree ├── pump@1.0.2
82 silly currentTree ├── punycode@1.4.1
82 silly currentTree ├── qs@6.5.0
82 silly currentTree ├── range-parser@1.2.0
82 silly currentTree ├── rc@1.2.1
82 silly currentTree ├── readable-stream@2.3.3
82 silly currentTree ├── recovery@0.2.6
82 silly currentTree ├── redis-commands@1.3.1
82 silly currentTree ├── redis-parser@2.6.0
82 silly currentTree ├── redis@2.8.0
82 silly currentTree ├─┬ request@2.81.0
82 silly currentTree │ └── qs@6.4.0
82 silly currentTree ├── resumer@0.0.0
82 silly currentTree ├── safe-buffer@5.1.1
82 silly currentTree ├── semver@4.3.2
82 silly currentTree ├── send@0.15.4
82 silly currentTree ├── serve-static@1.12.4
82 silly currentTree ├── set-blocking@2.0.0
82 silly currentTree ├── setprototypeof@1.0.3
82 silly currentTree ├── should-equal@2.0.0
82 silly currentTree ├── should-format@3.0.3
82 silly currentTree ├── should-type-adaptors@1.0.1
82 silly currentTree ├── should-type@1.4.0
82 silly currentTree ├── should-util@1.0.0
82 silly currentTree ├── should@13.0.1
82 silly currentTree ├── sigmund@1.0.1
82 silly currentTree ├── signal-exit@3.0.2
82 silly currentTree ├── simple-get@1.4.3
82 silly currentTree ├── sntp@1.0.9
82 silly currentTree ├── sphericalmercator@1.0.5
82 silly currentTree ├── split@1.0.1
82 silly currentTree ├─┬ sqlite3@3.1.13
82 silly currentTree │ ├── abbrev@1.1.1
82 silly currentTree │ ├── ajv@4.11.8
82 silly currentTree │ ├── ansi-regex@2.1.1
82 silly currentTree │ ├── aproba@1.2.0
82 silly currentTree │ ├── are-we-there-yet@1.1.4
82 silly currentTree │ ├── asn1@0.2.3
82 silly currentTree │ ├── assert-plus@0.2.0
82 silly currentTree │ ├── asynckit@0.4.0
82 silly currentTree │ ├── aws-sign2@0.6.0
82 silly currentTree │ ├── aws4@1.6.0
82 silly currentTree │ ├── balanced-match@1.0.0
82 silly currentTree │ ├── bcrypt-pbkdf@1.0.1
82 silly currentTree │ ├── block-stream@0.0.9
82 silly currentTree │ ├── boom@2.10.1
82 silly currentTree │ ├── brace-expansion@1.1.8
82 silly currentTree │ ├── caseless@0.12.0
82 silly currentTree │ ├── co@4.6.0
82 silly currentTree │ ├── code-point-at@1.1.0
82 silly currentTree │ ├── combined-stream@1.0.5
82 silly currentTree │ ├── concat-map@0.0.1
82 silly currentTree │ ├── console-control-strings@1.1.0
82 silly currentTree │ ├── core-util-is@1.0.2
82 silly currentTree │ ├── cryptiles@2.0.5
82 silly currentTree │ ├─┬ dashdash@1.14.1
82 silly currentTree │ │ └── assert-plus@1.0.0
82 silly currentTree │ ├── debug@2.6.9
82 silly currentTree │ ├── deep-extend@0.4.2
82 silly currentTree │ ├── delayed-stream@1.0.0
82 silly currentTree │ ├── delegates@1.0.0
82 silly currentTree │ ├── ecc-jsbn@0.1.1
82 silly currentTree │ ├── extend@3.0.1
82 silly currentTree │ ├── extsprintf@1.3.0
82 silly currentTree │ ├── forever-agent@0.6.1
82 silly currentTree │ ├── form-data@2.1.4
82 silly currentTree │ ├── fs.realpath@1.0.0
82 silly currentTree │ ├── fstream-ignore@1.0.5
82 silly currentTree │ ├── fstream@1.0.11
82 silly currentTree │ ├── gauge@2.7.4
82 silly currentTree │ ├─┬ getpass@0.1.7
82 silly currentTree │ │ └── assert-plus@1.0.0
82 silly currentTree │ ├── glob@7.1.2
82 silly currentTree │ ├── graceful-fs@4.1.11
82 silly currentTree │ ├── har-schema@1.0.5
82 silly currentTree │ ├── har-validator@4.2.1
82 silly currentTree │ ├── has-unicode@2.0.1
82 silly currentTree │ ├── hawk@3.1.3
82 silly currentTree │ ├── hoek@2.16.3
82 silly currentTree │ ├── http-signature@1.1.1
82 silly currentTree │ ├── inflight@1.0.6
82 silly currentTree │ ├── inherits@2.0.3
82 silly currentTree │ ├── ini@1.3.4
82 silly currentTree │ ├── is-fullwidth-code-point@1.0.0
82 silly currentTree │ ├── is-typedarray@1.0.0
82 silly currentTree │ ├── isarray@1.0.0
82 silly currentTree │ ├── isstream@0.1.2
82 silly currentTree │ ├── jsbn@0.1.1
82 silly currentTree │ ├── json-schema@0.2.3
82 silly currentTree │ ├── json-stable-stringify@1.0.1
82 silly currentTree │ ├── json-stringify-safe@5.0.1
82 silly currentTree │ ├── jsonify@0.0.0
82 silly currentTree │ ├─┬ jsprim@1.4.1
82 silly currentTree │ │ └── assert-plus@1.0.0
82 silly currentTree │ ├── mime-db@1.30.0
82 silly currentTree │ ├── mime-types@2.1.17
82 silly currentTree │ ├── minimatch@3.0.4
82 silly currentTree │ ├── minimist@0.0.8
82 silly currentTree │ ├── mkdirp@0.5.1
82 silly currentTree │ ├── ms@2.0.0
82 silly currentTree │ ├── nan@2.7.0
82 silly currentTree │ ├── node-pre-gyp@0.6.38
82 silly currentTree │ ├── nopt@4.0.1
82 silly currentTree │ ├── npmlog@4.1.2
82 silly currentTree │ ├── number-is-nan@1.0.1
82 silly currentTree │ ├── oauth-sign@0.8.2
82 silly currentTree │ ├── object-assign@4.1.1
82 silly currentTree │ ├── once@1.4.0
82 silly currentTree │ ├── os-homedir@1.0.2
82 silly currentTree │ ├── os-tmpdir@1.0.2
82 silly currentTree │ ├── osenv@0.1.4
82 silly currentTree │ ├── path-is-absolute@1.0.1
82 silly currentTree │ ├── performance-now@0.2.0
82 silly currentTree │ ├── process-nextick-args@1.0.7
82 silly currentTree │ ├── punycode@1.4.1
82 silly currentTree │ ├── qs@6.4.0
82 silly currentTree │ ├─┬ rc@1.2.1
82 silly currentTree │ │ └── minimist@1.2.0
82 silly currentTree │ ├── readable-stream@2.3.3
82 silly currentTree │ ├── request@2.81.0
82 silly currentTree │ ├── rimraf@2.6.2
82 silly currentTree │ ├── safe-buffer@5.1.1
82 silly currentTree │ ├── semver@5.4.1
82 silly currentTree │ ├── set-blocking@2.0.0
82 silly currentTree │ ├── signal-exit@3.0.2
82 silly currentTree │ ├── sntp@1.0.9
82 silly currentTree │ ├─┬ sshpk@1.13.1
82 silly currentTree │ │ └── assert-plus@1.0.0
82 silly currentTree │ ├── string_decoder@1.0.3
82 silly currentTree │ ├── string-width@1.0.2
82 silly currentTree │ ├── stringstream@0.0.5
82 silly currentTree │ ├── strip-ansi@3.0.1
82 silly currentTree │ ├── strip-json-comments@2.0.1
82 silly currentTree │ ├── tar-pack@3.4.0
82 silly currentTree │ ├── tar@2.2.1
82 silly currentTree │ ├── tough-cookie@2.3.3
82 silly currentTree │ ├── tunnel-agent@0.6.0
82 silly currentTree │ ├── tweetnacl@0.14.5
82 silly currentTree │ ├── uid-number@0.0.6
82 silly currentTree │ ├── util-deprecate@1.0.2
82 silly currentTree │ ├── uuid@3.1.0
82 silly currentTree │ ├─┬ verror@1.10.0
82 silly currentTree │ │ └── assert-plus@1.0.0
82 silly currentTree │ ├── wide-align@1.1.2
82 silly currentTree │ └── wrappy@1.0.2
82 silly currentTree ├─┬ sshpk@1.13.1
82 silly currentTree │ └── assert-plus@1.0.0
82 silly currentTree ├── statuses@1.3.1
82 silly currentTree ├── step@0.0.6
82 silly currentTree ├── string_decoder@1.0.3
82 silly currentTree ├── string-width@1.0.2
82 silly currentTree ├── stringstream@0.0.5
82 silly currentTree ├── strip-ansi@3.0.1
82 silly currentTree ├── strip-json-comments@2.0.1
82 silly currentTree ├─┬ superagent@3.6.0
82 silly currentTree │ └── mime@1.4.0
82 silly currentTree ├── supertest@3.0.0
82 silly currentTree ├── supports-color@2.0.0
82 silly currentTree ├── tape@2.14.1
82 silly currentTree ├── tar-fs@1.15.3
82 silly currentTree ├── tar-stream@1.5.4
82 silly currentTree ├── text-table@0.2.0
82 silly currentTree ├── through@2.3.8
82 silly currentTree ├── tick-tock@1.0.0
82 silly currentTree ├── tilebelt@1.0.1
82 silly currentTree ├── tilelive-mapnik@0.6.18
82 silly currentTree ├─┬ tilesplash@3.1.3
82 silly currentTree │ ├── @mapbox/sphericalmercator@1.0.5
82 silly currentTree │ ├── generic-pool@2.4.3
82 silly currentTree │ ├── object-assign@4.1.0
82 silly currentTree │ ├── pg-pool@1.8.0
82 silly currentTree │ └── pg@6.4.2
82 silly currentTree ├── tilestrata-dependency@0.5.0
82 silly currentTree ├── tilestrata-etag@0.1.1
82 silly currentTree ├─┬ tilestrata-mapnik@0.4.1
82 silly currentTree │ └── lodash@3.10.1
82 silly currentTree ├─┬ tilestrata-vtile-raster@0.5.0
82 silly currentTree │ ├── async@1.5.2
82 silly currentTree │ └── lodash@4.11.2
82 silly currentTree ├─┬ tilestrata-vtile@0.5.3
82 silly currentTree │ ├── lodash@3.10.1
82 silly currentTree │ └── sphericalmercator@1.0.4
82 silly currentTree ├─┬ tilestrata@2.1.0
82 silly currentTree │ ├── async@1.4.2
82 silly currentTree │ └── lodash@3.10.1
82 silly currentTree ├─┬ topojson@3.0.0
82 silly currentTree │ ├── topojson-client@3.0.0
82 silly currentTree │ ├── topojson-server@3.0.0
82 silly currentTree │ └── topojson-simplify@3.0.0
82 silly currentTree ├── tough-cookie@2.3.2
82 silly currentTree ├── tunnel-agent@0.6.0
82 silly currentTree ├── tweetnacl@0.14.5
82 silly currentTree ├── type-is@1.6.15
82 silly currentTree ├── typedarray@0.0.6
82 silly currentTree ├── underscore@1.6.0
82 silly currentTree ├── unpipe@1.0.0
82 silly currentTree ├── unzip-response@1.0.2
82 silly currentTree ├── util-deprecate@1.0.2
82 silly currentTree ├─┬ util@0.10.3
82 silly currentTree │ └── inherits@2.0.1
82 silly currentTree ├── utils-merge@1.0.0
82 silly currentTree ├── uuid@3.1.0
82 silly currentTree ├── vary@1.1.1
82 silly currentTree ├─┬ verror@1.10.0
82 silly currentTree │ └── assert-plus@1.0.0
82 silly currentTree ├── wide-align@1.1.2
82 silly currentTree ├── wordwrap@0.0.3
82 silly currentTree ├── wrappy@1.0.2
82 silly currentTree ├── xtend@4.0.1
82 silly currentTree └── yallist@2.1.2
83 silly idealTree tileserver@1.0.0
83 silly idealTree ├─┬ @macrostrat/pg-helper@1.0.0
83 silly idealTree │ └── pg@7.4.1
83 silly idealTree ├─┬ @mapbox/mbtiles@0.9.0
83 silly idealTree │ └── @mapbox/sphericalmercator@1.0.5
83 silly idealTree ├── @mapbox/tile-cover@3.0.2
83 silly idealTree ├── @mapbox/tilebelt@1.0.1
83 silly idealTree ├── @mapbox/tiletype@0.3.1
83 silly idealTree ├── @turf/helpers@4.6.0
83 silly idealTree ├── @turf/inside@4.6.0
83 silly idealTree ├── @turf/invariant@4.6.0
83 silly idealTree ├── @turf/random@4.5.2
83 silly idealTree ├── @turf/sample@4.6.0
83 silly idealTree ├── @turf/within@4.6.0
83 silly idealTree ├── accepts@1.3.4
83 silly idealTree ├── active-cache@0.1.0
83 silly idealTree ├── ajv@4.11.8
83 silly idealTree ├── ansi-regex@2.1.1
83 silly idealTree ├── ansi-styles@2.2.1
83 silly idealTree ├── ansi@0.3.1
83 silly idealTree ├── aproba@1.1.2
83 silly idealTree ├── are-we-there-yet@1.1.4
83 silly idealTree ├── array-flatten@1.1.1
83 silly idealTree ├── asn1@0.2.3
83 silly idealTree ├── assert-plus@0.2.0
83 silly idealTree ├── assert@1.4.1
83 silly idealTree ├─┬ async-cache@1.1.0
83 silly idealTree │ └── lru-cache@4.1.1
83 silly idealTree ├── async@2.5.0
83 silly idealTree ├── asynckit@0.4.0
83 silly idealTree ├── aws-sign2@0.6.0
83 silly idealTree ├── aws4@1.6.0
83 silly idealTree ├── basic-auth@1.0.3
83 silly idealTree ├── bbox-intersect@0.1.1
83 silly idealTree ├── bcrypt-pbkdf@1.0.1
83 silly idealTree ├── bindings@1.2.1
83 silly idealTree ├── bl@1.2.1
83 silly idealTree ├── boom@2.10.1
83 silly idealTree ├── buffer-writer@1.0.1
83 silly idealTree ├── caching@0.1.4
83 silly idealTree ├── carto@0.15.2
83 silly idealTree ├── caseless@0.12.0
83 silly idealTree ├── chalk@1.1.3
83 silly idealTree ├── chownr@1.0.1
83 silly idealTree ├── clone@2.1.1
83 silly idealTree ├── co@4.6.0
83 silly idealTree ├── code-point-at@1.1.0
83 silly idealTree ├── combined-stream@1.0.5
83 silly idealTree ├── commander@2.11.0
83 silly idealTree ├── component-emitter@1.2.1
83 silly idealTree ├─┬ concat-stream@1.4.10
83 silly idealTree │ ├── isarray@0.0.1
83 silly idealTree │ ├── readable-stream@1.1.14
83 silly idealTree │ └── string_decoder@0.10.31
83 silly idealTree ├── connect-timeout@1.9.0
83 silly idealTree ├── console-control-strings@1.1.0
83 silly idealTree ├── content-disposition@0.5.2
83 silly idealTree ├── content-type@1.0.2
83 silly idealTree ├── cookie-signature@1.0.6
83 silly idealTree ├── cookie@0.3.1
83 silly idealTree ├── cookiejar@2.1.1
83 silly idealTree ├── core-util-is@1.0.2
83 silly idealTree ├── cryptiles@2.0.5
83 silly idealTree ├── d3-queue@2.0.3
83 silly idealTree ├─┬ dashdash@1.14.1
83 silly idealTree │ └── assert-plus@1.0.0
83 silly idealTree ├── debug@2.6.8
83 silly idealTree ├── deep-equal@0.2.2
83 silly idealTree ├── deep-extend@0.4.2
83 silly idealTree ├── defined@0.0.0
83 silly idealTree ├── delayed-stream@1.0.0
83 silly idealTree ├── delegates@1.0.0
83 silly idealTree ├── demolish@1.0.2
83 silly idealTree ├── depd@1.1.1
83 silly idealTree ├── destroy@1.0.4
83 silly idealTree ├── double-ended-queue@2.1.0-0
83 silly idealTree ├── ecc-jsbn@0.1.1
83 silly idealTree ├── ee-first@1.1.1
83 silly idealTree ├── encodeurl@1.0.1
83 silly idealTree ├── end-of-stream@1.4.0
83 silly idealTree ├── escape-html@1.0.3
83 silly idealTree ├── escape-string-regexp@1.0.5
83 silly idealTree ├── etag@1.8.0
83 silly idealTree ├── eventemitter3@1.1.1
83 silly idealTree ├── expand-template@1.1.0
83 silly idealTree ├── express@4.15.4
83 silly idealTree ├── extend@3.0.1
83 silly idealTree ├── extsprintf@1.3.0
83 silly idealTree ├── filesize-parser@1.4.1
83 silly idealTree ├── filesize@3.1.3
83 silly idealTree ├── finalhandler@1.0.4
83 silly idealTree ├── forever-agent@0.6.1
83 silly idealTree ├── form-data@2.1.4
83 silly idealTree ├── formidable@1.1.1
83 silly idealTree ├── forwarded@0.1.0
83 silly idealTree ├── fresh@0.5.0
83 silly idealTree ├── gauge@2.7.4
83 silly idealTree ├── generic-pool@2.4.6
83 silly idealTree ├─┬ geojson-bounds@1.0.1
83 silly idealTree │ ├── should-equal@0.8.0
83 silly idealTree │ ├── should-format@0.3.2
83 silly idealTree │ ├── should-type@0.2.0
83 silly idealTree │ └── should@8.4.0
83 silly idealTree ├── geojson-random@0.2.2
83 silly idealTree ├─┬ geojsonhint@1.2.1
83 silly idealTree │ └── minimist@1.1.1
83 silly idealTree ├─┬ getpass@0.1.7
83 silly idealTree │ └── assert-plus@1.0.0
83 silly idealTree ├── github-from-package@0.0.0
83 silly idealTree ├── glob@3.2.11
83 silly idealTree ├── har-schema@1.0.5
83 silly idealTree ├── har-validator@4.2.1
83 silly idealTree ├── has-ansi@2.0.0
83 silly idealTree ├── has-color@0.1.7
83 silly idealTree ├── has-unicode@2.0.1
83 silly idealTree ├── has@0.0.1
83 silly idealTree ├── hawk@3.1.3
83 silly idealTree ├── hiredis@0.5.0
83 silly idealTree ├── hoek@2.16.3
83 silly idealTree ├── http-errors@1.6.2
83 silly idealTree ├── http-signature@1.1.1
83 silly idealTree ├── http-status@0.2.5
83 silly idealTree ├── humanize-duration@3.3.0
83 silly idealTree ├── image-size@0.6.1
83 silly idealTree ├── inherits@2.0.3
83 silly idealTree ├── ini@1.3.4
83 silly idealTree ├── ipaddr.js@1.4.0
83 silly idealTree ├── is-fullwidth-code-point@1.0.0
83 silly idealTree ├── is-typedarray@1.0.0
83 silly idealTree ├── isarray@1.0.0
83 silly idealTree ├── isstream@0.1.2
83 silly idealTree ├── js-string-escape@1.0.1
83 silly idealTree ├── jsbn@0.1.1
83 silly idealTree ├── json-schema@0.2.3
83 silly idealTree ├── json-stable-stringify@1.0.1
83 silly idealTree ├── json-stringify-safe@5.0.1
83 silly idealTree ├── jsonify@0.0.0
83 silly idealTree ├── jsonlint-lines@1.7.1
83 silly idealTree ├── jsonparse@1.3.1
83 silly idealTree ├── JSONStream@1.3.2
83 silly idealTree ├─┬ jsprim@1.4.1
83 silly idealTree │ └── assert-plus@1.0.0
83 silly idealTree ├── JSV@4.0.2
83 silly idealTree ├── lodash.pad@4.5.1
83 silly idealTree ├── lodash.padend@4.6.1
83 silly idealTree ├── lodash.padstart@4.6.1
83 silly idealTree ├── lodash@4.17.4
83 silly idealTree ├── lru-cache@2.7.3
83 silly idealTree ├─┬ mapnik-pool@0.1.2
83 silly idealTree │ ├── generic-pool@2.2.2
83 silly idealTree │ └── xtend@3.0.0
83 silly idealTree ├── mapnik-reference@8.4.0
83 silly idealTree ├── mapnik-vector-tile@1.4.0
83 silly idealTree ├─┬ mapnik@3.6.2
83 silly idealTree │ └─┬ node-pre-gyp@0.6.36
83 silly idealTree │   ├─┬ mkdirp@0.5.1
83 silly idealTree │   │ └── minimist@0.0.8
83 silly idealTree │   ├─┬ nopt@4.0.1
83 silly idealTree │   │ ├── abbrev@1.1.0
83 silly idealTree │   │ └─┬ osenv@0.1.4
83 silly idealTree │   │   ├── os-homedir@1.0.2
83 silly idealTree │   │   └── os-tmpdir@1.0.2
83 silly idealTree │   ├─┬ npmlog@4.1.0
83 silly idealTree │   │ ├─┬ are-we-there-yet@1.1.4
83 silly idealTree │   │ │ ├── delegates@1.0.0
83 silly idealTree │   │ │ └─┬ readable-stream@2.2.11
83 silly idealTree │   │ │   ├── core-util-is@1.0.2
83 silly idealTree │   │ │   ├── inherits@2.0.3
83 silly idealTree │   │ │   ├── isarray@1.0.0
83 silly idealTree │   │ │   ├── process-nextick-args@1.0.7
83 silly idealTree │   │ │   ├── safe-buffer@5.0.1
83 silly idealTree │   │ │   ├── string_decoder@1.0.2
83 silly idealTree │   │ │   └── util-deprecate@1.0.2
83 silly idealTree │   │ ├── console-control-strings@1.1.0
83 silly idealTree │   │ ├─┬ gauge@2.7.4
83 silly idealTree │   │ │ ├── aproba@1.1.2
83 silly idealTree │   │ │ ├── has-unicode@2.0.1
83 silly idealTree │   │ │ ├── object-assign@4.1.1
83 silly idealTree │   │ │ ├── signal-exit@3.0.2
83 silly idealTree │   │ │ ├─┬ string-width@1.0.2
83 silly idealTree │   │ │ │ ├── code-point-at@1.1.0
83 silly idealTree │   │ │ │ └─┬ is-fullwidth-code-point@1.0.0
83 silly idealTree │   │ │ │   └── number-is-nan@1.0.1
83 silly idealTree │   │ │ ├─┬ strip-ansi@3.0.1
83 silly idealTree │   │ │ │ └── ansi-regex@2.1.1
83 silly idealTree │   │ │ └── wide-align@1.1.2
83 silly idealTree │   │ └── set-blocking@2.0.0
83 silly idealTree │   ├─┬ rc@1.2.1
83 silly idealTree │   │ ├── deep-extend@0.4.2
83 silly idealTree │   │ ├── ini@1.3.4
83 silly idealTree │   │ ├── minimist@1.2.0
83 silly idealTree │   │ └── strip-json-comments@2.0.1
83 silly idealTree │   ├─┬ request@2.81.0
83 silly idealTree │   │ ├── aws-sign2@0.6.0
83 silly idealTree │   │ ├── aws4@1.6.0
83 silly idealTree │   │ ├── caseless@0.12.0
83 silly idealTree │   │ ├─┬ combined-stream@1.0.5
83 silly idealTree │   │ │ └── delayed-stream@1.0.0
83 silly idealTree │   │ ├── extend@3.0.1
83 silly idealTree │   │ ├── forever-agent@0.6.1
83 silly idealTree │   │ ├─┬ form-data@2.1.4
83 silly idealTree │   │ │ └── asynckit@0.4.0
83 silly idealTree │   │ ├─┬ har-validator@4.2.1
83 silly idealTree │   │ │ ├─┬ ajv@4.11.8
83 silly idealTree │   │ │ │ ├── co@4.6.0
83 silly idealTree │   │ │ │ └─┬ json-stable-stringify@1.0.1
83 silly idealTree │   │ │ │   └── jsonify@0.0.0
83 silly idealTree │   │ │ └── har-schema@1.0.5
83 silly idealTree │   │ ├─┬ hawk@3.1.3
83 silly idealTree │   │ │ ├── boom@2.10.1
83 silly idealTree │   │ │ ├── cryptiles@2.0.5
83 silly idealTree │   │ │ ├── hoek@2.16.3
83 silly idealTree │   │ │ └── sntp@1.0.9
83 silly idealTree │   │ ├─┬ http-signature@1.1.1
83 silly idealTree │   │ │ ├── assert-plus@0.2.0
83 silly idealTree │   │ │ ├─┬ jsprim@1.4.0
83 silly idealTree │   │ │ │ ├── assert-plus@1.0.0
83 silly idealTree │   │ │ │ ├── extsprintf@1.0.2
83 silly idealTree │   │ │ │ ├── json-schema@0.2.3
83 silly idealTree │   │ │ │ └── verror@1.3.6
83 silly idealTree │   │ │ └─┬ sshpk@1.13.1
83 silly idealTree │   │ │   ├── asn1@0.2.3
83 silly idealTree │   │ │   ├── assert-plus@1.0.0
83 silly idealTree │   │ │   ├── bcrypt-pbkdf@1.0.1
83 silly idealTree │   │ │   ├── dashdash@1.14.1
83 silly idealTree │   │ │   ├── ecc-jsbn@0.1.1
83 silly idealTree │   │ │   ├── getpass@0.1.7
83 silly idealTree │   │ │   ├── jsbn@0.1.1
83 silly idealTree │   │ │   └── tweetnacl@0.14.5
83 silly idealTree │   │ ├── is-typedarray@1.0.0
83 silly idealTree │   │ ├── isstream@0.1.2
83 silly idealTree │   │ ├── json-stringify-safe@5.0.1
83 silly idealTree │   │ ├─┬ mime-types@2.1.15
83 silly idealTree │   │ │ └── mime-db@1.27.0
83 silly idealTree │   │ ├── oauth-sign@0.8.2
83 silly idealTree │   │ ├── performance-now@0.2.0
83 silly idealTree │   │ ├── qs@6.4.0
83 silly idealTree │   │ ├── safe-buffer@5.1.0
83 silly idealTree │   │ ├── stringstream@0.0.5
83 silly idealTree │   │ ├─┬ tough-cookie@2.3.2
83 silly idealTree │   │ │ └── punycode@1.4.1
83 silly idealTree │   │ ├── tunnel-agent@0.6.0
83 silly idealTree │   │ └── uuid@3.0.1
83 silly idealTree │   ├─┬ rimraf@2.6.1
83 silly idealTree │   │ └─┬ glob@7.1.2
83 silly idealTree │   │   ├── fs.realpath@1.0.0
83 silly idealTree │   │   ├─┬ inflight@1.0.6
83 silly idealTree │   │   │ └── wrappy@1.0.2
83 silly idealTree │   │   ├── inherits@2.0.3
83 silly idealTree │   │   ├─┬ minimatch@3.0.4
83 silly idealTree │   │   │ └─┬ brace-expansion@1.1.7
83 silly idealTree │   │   │   ├── balanced-match@0.4.2
83 silly idealTree │   │   │   └── concat-map@0.0.1
83 silly idealTree │   │   ├─┬ once@1.4.0
83 silly idealTree │   │   │ └── wrappy@1.0.2
83 silly idealTree │   │   └── path-is-absolute@1.0.1
83 silly idealTree │   ├── semver@5.3.0
83 silly idealTree │   ├─┬ tar-pack@3.4.0
83 silly idealTree │   │ ├─┬ debug@2.6.8
83 silly idealTree │   │ │ └── ms@2.0.0
83 silly idealTree │   │ ├─┬ fstream-ignore@1.0.5
83 silly idealTree │   │ │ ├── inherits@2.0.3
83 silly idealTree │   │ │ └─┬ minimatch@3.0.4
83 silly idealTree │   │ │   └─┬ brace-expansion@1.1.7
83 silly idealTree │   │ │     ├── balanced-match@0.4.2
83 silly idealTree │   │ │     └── concat-map@0.0.1
83 silly idealTree │   │ ├─┬ fstream@1.0.11
83 silly idealTree │   │ │ ├── graceful-fs@4.1.11
83 silly idealTree │   │ │ └── inherits@2.0.3
83 silly idealTree │   │ ├─┬ once@1.4.0
83 silly idealTree │   │ │ └── wrappy@1.0.2
83 silly idealTree │   │ ├─┬ readable-stream@2.2.11
83 silly idealTree │   │ │ ├── core-util-is@1.0.2
83 silly idealTree │   │ │ ├── inherits@2.0.3
83 silly idealTree │   │ │ ├── isarray@1.0.0
83 silly idealTree │   │ │ ├── process-nextick-args@1.0.7
83 silly idealTree │   │ │ ├── safe-buffer@5.0.1
83 silly idealTree │   │ │ ├── string_decoder@1.0.2
83 silly idealTree │   │ │ └── util-deprecate@1.0.2
83 silly idealTree │   │ └── uid-number@0.0.6
83 silly idealTree │   └─┬ tar@2.2.1
83 silly idealTree │     ├── block-stream@0.0.9
83 silly idealTree │     ├─┬ fstream@1.0.11
83 silly idealTree │     │ └── graceful-fs@4.1.11
83 silly idealTree │     └── inherits@2.0.3
83 silly idealTree ├── media-typer@0.3.0
83 silly idealTree ├── merge-descriptors@1.0.1
83 silly idealTree ├── methods@1.1.2
83 silly idealTree ├─┬ microtime@2.1.6
83 silly idealTree │ └── nan@2.6.2
83 silly idealTree ├── millisecond@0.1.2
83 silly idealTree ├── mime-db@1.29.0
83 silly idealTree ├── mime-types@2.1.16
83 silly idealTree ├── mime@1.3.4
83 silly idealTree ├── minimatch@0.3.0
83 silly idealTree ├── minimist@1.2.0
83 silly idealTree ├─┬ mkdirp@0.5.1
83 silly idealTree │ └── minimist@0.0.8
83 silly idealTree ├── ms@2.0.0
83 silly idealTree ├── nan@2.5.1
83 silly idealTree ├── negotiator@0.6.1
83 silly idealTree ├── node-abi@2.1.0
83 silly idealTree ├─┬ nomnom@1.8.1
83 silly idealTree │ ├── ansi-styles@1.0.0
83 silly idealTree │ ├── chalk@0.4.0
83 silly idealTree │ └── strip-ansi@0.1.1
83 silly idealTree ├── noop-logger@0.1.1
83 silly idealTree ├─┬ npmlog@1.2.1
83 silly idealTree │ ├── are-we-there-yet@1.0.6
83 silly idealTree │ └── gauge@1.2.7
83 silly idealTree ├── number-is-nan@1.0.1
83 silly idealTree ├── oauth-sign@0.8.2
83 silly idealTree ├── object-assign@4.1.1
83 silly idealTree ├── object-inspect@1.3.0
83 silly idealTree ├── on-finished@2.3.0
83 silly idealTree ├── on-headers@1.0.1
83 silly idealTree ├── once@1.4.0
83 silly idealTree ├── one-time@0.0.4
83 silly idealTree ├─┬ optimist@0.6.1
83 silly idealTree │ └── minimist@0.0.10
83 silly idealTree ├── os-homedir@1.0.2
83 silly idealTree ├── packet-reader@0.3.1
83 silly idealTree ├── parseurl@1.3.1
83 silly idealTree ├── path-to-regexp@0.1.7
83 silly idealTree ├── performance-now@0.2.0
83 silly idealTree ├── pg-connection-string@0.1.3
83 silly idealTree ├── pg-cursor@1.3.0
83 silly idealTree ├── pg-pool@2.0.3
83 silly idealTree ├── pg-query-stream@1.1.1
83 silly idealTree ├── pg-types@1.12.1
83 silly idealTree ├── pg@7.3.0
83 silly idealTree ├── pgpass@1.0.2
83 silly idealTree ├── postgres-array@1.0.2
83 silly idealTree ├── postgres-bytea@1.0.0
83 silly idealTree ├── postgres-date@1.0.3
83 silly idealTree ├── postgres-interval@1.1.1
83 silly idealTree ├─┬ prebuild-install@2.2.2
83 silly idealTree │ └── npmlog@4.1.2
83 silly idealTree ├── process-nextick-args@1.0.7
83 silly idealTree ├── progress@2.0.0
83 silly idealTree ├── protozero@1.5.1
83 silly idealTree ├── proxy-addr@1.1.5
83 silly idealTree ├── pseudomap@1.0.2
83 silly idealTree ├── pump@1.0.2
83 silly idealTree ├── punycode@1.4.1
83 silly idealTree ├── qs@6.5.0
83 silly idealTree ├── range-parser@1.2.0
83 silly idealTree ├── rc@1.2.1
83 silly idealTree ├── readable-stream@2.3.3
83 silly idealTree ├── recovery@0.2.6
83 silly idealTree ├── redis-commands@1.3.1
83 silly idealTree ├── redis-parser@2.6.0
83 silly idealTree ├── redis@2.8.0
83 silly idealTree ├─┬ request@2.81.0
83 silly idealTree │ └── qs@6.4.0
83 silly idealTree ├── resumer@0.0.0
83 silly idealTree ├── safe-buffer@5.1.1
83 silly idealTree ├── semver@4.3.2
83 silly idealTree ├── send@0.15.4
83 silly idealTree ├── serve-static@1.12.4
83 silly idealTree ├── set-blocking@2.0.0
83 silly idealTree ├── setprototypeof@1.0.3
83 silly idealTree ├── should-equal@2.0.0
83 silly idealTree ├── should-format@3.0.3
83 silly idealTree ├── should-type-adaptors@1.0.1
83 silly idealTree ├── should-type@1.4.0
83 silly idealTree ├── should-util@1.0.0
83 silly idealTree ├── should@13.0.1
83 silly idealTree ├── sigmund@1.0.1
83 silly idealTree ├── signal-exit@3.0.2
83 silly idealTree ├── simple-get@1.4.3
83 silly idealTree ├── sntp@1.0.9
83 silly idealTree ├── sphericalmercator@1.0.5
83 silly idealTree ├── split@1.0.1
83 silly idealTree ├─┬ sqlite3@3.1.13
83 silly idealTree │ ├── abbrev@1.1.1
83 silly idealTree │ ├── ajv@4.11.8
83 silly idealTree │ ├── ansi-regex@2.1.1
83 silly idealTree │ ├── aproba@1.2.0
83 silly idealTree │ ├── are-we-there-yet@1.1.4
83 silly idealTree │ ├── asn1@0.2.3
83 silly idealTree │ ├── assert-plus@0.2.0
83 silly idealTree │ ├── asynckit@0.4.0
83 silly idealTree │ ├── aws-sign2@0.6.0
83 silly idealTree │ ├── aws4@1.6.0
83 silly idealTree │ ├── balanced-match@1.0.0
83 silly idealTree │ ├── bcrypt-pbkdf@1.0.1
83 silly idealTree │ ├── block-stream@0.0.9
83 silly idealTree │ ├── boom@2.10.1
83 silly idealTree │ ├── brace-expansion@1.1.8
83 silly idealTree │ ├── caseless@0.12.0
83 silly idealTree │ ├── co@4.6.0
83 silly idealTree │ ├── code-point-at@1.1.0
83 silly idealTree │ ├── combined-stream@1.0.5
83 silly idealTree │ ├── concat-map@0.0.1
83 silly idealTree │ ├── console-control-strings@1.1.0
83 silly idealTree │ ├── core-util-is@1.0.2
83 silly idealTree │ ├── cryptiles@2.0.5
83 silly idealTree │ ├─┬ dashdash@1.14.1
83 silly idealTree │ │ └── assert-plus@1.0.0
83 silly idealTree │ ├── debug@2.6.9
83 silly idealTree │ ├── deep-extend@0.4.2
83 silly idealTree │ ├── delayed-stream@1.0.0
83 silly idealTree │ ├── delegates@1.0.0
83 silly idealTree │ ├── ecc-jsbn@0.1.1
83 silly idealTree │ ├── extend@3.0.1
83 silly idealTree │ ├── extsprintf@1.3.0
83 silly idealTree │ ├── forever-agent@0.6.1
83 silly idealTree │ ├── form-data@2.1.4
83 silly idealTree │ ├── fs.realpath@1.0.0
83 silly idealTree │ ├── fstream-ignore@1.0.5
83 silly idealTree │ ├── fstream@1.0.11
83 silly idealTree │ ├── gauge@2.7.4
83 silly idealTree │ ├─┬ getpass@0.1.7
83 silly idealTree │ │ └── assert-plus@1.0.0
83 silly idealTree │ ├── glob@7.1.2
83 silly idealTree │ ├── graceful-fs@4.1.11
83 silly idealTree │ ├── har-schema@1.0.5
83 silly idealTree │ ├── har-validator@4.2.1
83 silly idealTree │ ├── has-unicode@2.0.1
83 silly idealTree │ ├── hawk@3.1.3
83 silly idealTree │ ├── hoek@2.16.3
83 silly idealTree │ ├── http-signature@1.1.1
83 silly idealTree │ ├── inflight@1.0.6
83 silly idealTree │ ├── inherits@2.0.3
83 silly idealTree │ ├── ini@1.3.4
83 silly idealTree │ ├── is-fullwidth-code-point@1.0.0
83 silly idealTree │ ├── is-typedarray@1.0.0
83 silly idealTree │ ├── isarray@1.0.0
83 silly idealTree │ ├── isstream@0.1.2
83 silly idealTree │ ├── jsbn@0.1.1
83 silly idealTree │ ├── json-schema@0.2.3
83 silly idealTree │ ├── json-stable-stringify@1.0.1
83 silly idealTree │ ├── json-stringify-safe@5.0.1
83 silly idealTree │ ├── jsonify@0.0.0
83 silly idealTree │ ├─┬ jsprim@1.4.1
83 silly idealTree │ │ └── assert-plus@1.0.0
83 silly idealTree │ ├── mime-db@1.30.0
83 silly idealTree │ ├── mime-types@2.1.17
83 silly idealTree │ ├── minimatch@3.0.4
83 silly idealTree │ ├── minimist@0.0.8
83 silly idealTree │ ├── mkdirp@0.5.1
83 silly idealTree │ ├── ms@2.0.0
83 silly idealTree │ ├── nan@2.7.0
83 silly idealTree │ ├── node-pre-gyp@0.6.38
83 silly idealTree │ ├── nopt@4.0.1
83 silly idealTree │ ├── npmlog@4.1.2
83 silly idealTree │ ├── number-is-nan@1.0.1
83 silly idealTree │ ├── oauth-sign@0.8.2
83 silly idealTree │ ├── object-assign@4.1.1
83 silly idealTree │ ├── once@1.4.0
83 silly idealTree │ ├── os-homedir@1.0.2
83 silly idealTree │ ├── os-tmpdir@1.0.2
83 silly idealTree │ ├── osenv@0.1.4
83 silly idealTree │ ├── path-is-absolute@1.0.1
83 silly idealTree │ ├── performance-now@0.2.0
83 silly idealTree │ ├── process-nextick-args@1.0.7
83 silly idealTree │ ├── punycode@1.4.1
83 silly idealTree │ ├── qs@6.4.0
83 silly idealTree │ ├─┬ rc@1.2.1
83 silly idealTree │ │ └── minimist@1.2.0
83 silly idealTree │ ├── readable-stream@2.3.3
83 silly idealTree │ ├── request@2.81.0
83 silly idealTree │ ├── rimraf@2.6.2
83 silly idealTree │ ├── safe-buffer@5.1.1
83 silly idealTree │ ├── semver@5.4.1
83 silly idealTree │ ├── set-blocking@2.0.0
83 silly idealTree │ ├── signal-exit@3.0.2
83 silly idealTree │ ├── sntp@1.0.9
83 silly idealTree │ ├─┬ sshpk@1.13.1
83 silly idealTree │ │ └── assert-plus@1.0.0
83 silly idealTree │ ├── string_decoder@1.0.3
83 silly idealTree │ ├── string-width@1.0.2
83 silly idealTree │ ├── stringstream@0.0.5
83 silly idealTree │ ├── strip-ansi@3.0.1
83 silly idealTree │ ├── strip-json-comments@2.0.1
83 silly idealTree │ ├── tar-pack@3.4.0
83 silly idealTree │ ├── tar@2.2.1
83 silly idealTree │ ├── tough-cookie@2.3.3
83 silly idealTree │ ├── tunnel-agent@0.6.0
83 silly idealTree │ ├── tweetnacl@0.14.5
83 silly idealTree │ ├── uid-number@0.0.6
83 silly idealTree │ ├── util-deprecate@1.0.2
83 silly idealTree │ ├── uuid@3.1.0
83 silly idealTree │ ├─┬ verror@1.10.0
83 silly idealTree │ │ └── assert-plus@1.0.0
83 silly idealTree │ ├── wide-align@1.1.2
83 silly idealTree │ └── wrappy@1.0.2
83 silly idealTree ├─┬ sshpk@1.13.1
83 silly idealTree │ └── assert-plus@1.0.0
83 silly idealTree ├── statuses@1.3.1
83 silly idealTree ├── step@0.0.6
83 silly idealTree ├── string_decoder@1.0.3
83 silly idealTree ├── string-width@1.0.2
83 silly idealTree ├── stringstream@0.0.5
83 silly idealTree ├── strip-ansi@3.0.1
83 silly idealTree ├── strip-json-comments@2.0.1
83 silly idealTree ├─┬ superagent@3.6.0
83 silly idealTree │ └── mime@1.4.0
83 silly idealTree ├── supertest@3.0.0
83 silly idealTree ├── supports-color@2.0.0
83 silly idealTree ├── tape@2.14.1
83 silly idealTree ├── tar-fs@1.15.3
83 silly idealTree ├── tar-stream@1.5.4
83 silly idealTree ├── text-table@0.2.0
83 silly idealTree ├── through@2.3.8
83 silly idealTree ├── tick-tock@1.0.0
83 silly idealTree ├── tilebelt@1.0.1
83 silly idealTree ├── tilelive-mapnik@0.6.18
83 silly idealTree ├─┬ tilesplash@3.1.3
83 silly idealTree │ ├── @mapbox/sphericalmercator@1.0.5
83 silly idealTree │ ├── generic-pool@2.4.3
83 silly idealTree │ ├── object-assign@4.1.0
83 silly idealTree │ ├── pg-pool@1.8.0
83 silly idealTree │ └── pg@6.4.2
83 silly idealTree ├── tilestrata-dependency@0.5.0
83 silly idealTree ├── tilestrata-etag@0.1.1
83 silly idealTree ├─┬ tilestrata-mapnik@0.4.1
83 silly idealTree │ └── lodash@3.10.1
83 silly idealTree ├─┬ tilestrata-vtile-raster@0.5.0
83 silly idealTree │ ├── async@1.5.2
83 silly idealTree │ └── lodash@4.11.2
83 silly idealTree ├─┬ tilestrata-vtile@0.5.3
83 silly idealTree │ ├── lodash@3.10.1
83 silly idealTree │ └── sphericalmercator@1.0.4
83 silly idealTree ├─┬ tilestrata@2.1.0
83 silly idealTree │ ├── async@1.4.2
83 silly idealTree │ └── lodash@3.10.1
83 silly idealTree ├─┬ topojson@3.0.0
83 silly idealTree │ ├── topojson-client@3.0.0
83 silly idealTree │ ├── topojson-server@3.0.0
83 silly idealTree │ └── topojson-simplify@3.0.0
83 silly idealTree ├── tough-cookie@2.3.2
83 silly idealTree ├── tunnel-agent@0.6.0
83 silly idealTree ├── tweetnacl@0.14.5
83 silly idealTree ├── type-is@1.6.15
83 silly idealTree ├── typedarray@0.0.6
83 silly idealTree ├── underscore@1.6.0
83 silly idealTree ├── unpipe@1.0.0
83 silly idealTree ├── unzip-response@1.0.2
83 silly idealTree ├── util-deprecate@1.0.2
83 silly idealTree ├─┬ util@0.10.3
83 silly idealTree │ └── inherits@2.0.1
83 silly idealTree ├── utils-merge@1.0.0
83 silly idealTree ├── uuid@3.1.0
83 silly idealTree ├── vary@1.1.1
83 silly idealTree ├─┬ verror@1.10.0
83 silly idealTree │ └── assert-plus@1.0.0
83 silly idealTree ├── wide-align@1.1.2
83 silly idealTree ├── wordwrap@0.0.3
83 silly idealTree ├── wrappy@1.0.2
83 silly idealTree ├── xtend@4.0.1
83 silly idealTree ├── yallist@2.1.2
83 silly idealTree └── zlib@1.0.5
84 silly generateActionsToTake Starting
85 silly install generateActionsToTake
86 silly generateActionsToTake Finishing
87 silly diffTrees action count 1
88 silly diffTrees add zlib@1.0.5
89 silly decomposeActions action count 8
90 silly decomposeActions fetch zlib@1.0.5
91 silly decomposeActions extract zlib@1.0.5
92 silly decomposeActions test zlib@1.0.5
93 silly decomposeActions preinstall zlib@1.0.5
94 silly decomposeActions build zlib@1.0.5
95 silly decomposeActions install zlib@1.0.5
96 silly decomposeActions postinstall zlib@1.0.5
97 silly decomposeActions finalize zlib@1.0.5
98 silly runTopLevelLifecycles Starting
99 silly executeActions Starting
100 silly install executeActions
101 silly doSerial global-install 0
102 silly doParallel fetch 1
103 verbose correctMkdir /Users/john/.npm/_locks correctMkdir not in flight; initializing
104 verbose lock using /Users/john/.npm/_locks/staging-5467c4c273253a51.lock for /Users/john/code/macrostrat/tileserver/node_modules/.staging
105 silly doParallel extract 1
106 silly extract zlib@1.0.5
107 verbose unbuild node_modules/.staging/zlib-7902f3d5
108 silly gentlyRm /Users/john/code/macrostrat/tileserver/node_modules/.staging/zlib-7902f3d5 is being purged from base /Users/john/code/macrostrat/tileserver
109 verbose gentlyRm don't care about contents; nuking /Users/john/code/macrostrat/tileserver/node_modules/.staging/zlib-7902f3d5
110 verbose tar unpack /Users/john/.npm/zlib/1.0.5/package.tgz
111 verbose tar unpacking to /Users/john/code/macrostrat/tileserver/node_modules/.staging/zlib-7902f3d5
112 silly gentlyRm /Users/john/code/macrostrat/tileserver/node_modules/.staging/zlib-7902f3d5 is being purged
113 verbose gentlyRm don't care about contents; nuking /Users/john/code/macrostrat/tileserver/node_modules/.staging/zlib-7902f3d5
114 silly gunzTarPerm modes [ '755', '644' ]
115 silly gunzTarPerm extractEntry .gitignore
116 silly gunzTarPerm extractEntry configure
117 silly gunzTarPerm extractEntry index.js
118 silly gunzTarPerm extractEntry LICENSE
119 silly gunzTarPerm extractEntry Makefile
120 silly gunzTarPerm extractEntry package.json
121 silly gunzTarPerm extractEntry README.md
122 silly gunzTarPerm extractEntry wscript
123 silly gunzTarPerm extractEntry lib/zlib.js
124 silly gunzTarPerm extractEntry src/node-zlib.cc
125 silly gunzTarPerm extractEntry test/deflate.test.js
126 silly gunzTarPerm extractEntry test/inflate.test.js
127 silly gentlyRm /Users/john/code/macrostrat/tileserver/node_modules/.staging/zlib-7902f3d5/node_modules is being purged
128 verbose gentlyRm don't care about contents; nuking /Users/john/code/macrostrat/tileserver/node_modules/.staging/zlib-7902f3d5/node_modules
129 silly doParallel preinstall 1
130 silly preinstall zlib@1.0.5 /Users/john/code/macrostrat/tileserver/node_modules/.staging/zlib-7902f3d5
131 info lifecycle zlib@1.0.5~preinstall: zlib@1.0.5
132 verbose lifecycle zlib@1.0.5~preinstall: unsafe-perm in lifecycle true
133 verbose lifecycle zlib@1.0.5~preinstall: PATH: /usr/local/lib/node_modules/npm/bin/node-gyp-bin:/Users/john/code/macrostrat/tileserver/node_modules/.staging/zlib-7902f3d5/node_modules/.bin:/Users/john/code/macrostrat/tileserver/node_modules/.bin:/usr/local/bin:/Applications/Postgres.app/Contents/Versions/latest/bin:/Users/john/Library/Android/sdk/platform-tools:/Users/john/Library/Android/sdk/tools/:/usr/local/Cellar:/usr/local/bin:/usr/local/bin:/usr/bin:/bin:/usr/sbin:/sbin
134 verbose lifecycle zlib@1.0.5~preinstall: CWD: /Users/john/code/macrostrat/tileserver/node_modules/.staging/zlib-7902f3d5
135 silly lifecycle zlib@1.0.5~preinstall: Args: [ '-c', 'node-waf clean || true; node-waf configure build' ]
136 info lifecycle zlib@1.0.5~preinstall: Failed to exec preinstall script
137 verbose unlock done using /Users/john/.npm/_locks/staging-5467c4c273253a51.lock for /Users/john/code/macrostrat/tileserver/node_modules/.staging
138 silly rollbackFailedOptional Starting
139 silly rollbackFailedOptional Finishing
140 silly runTopLevelLifecycles Finishing
141 silly install printInstalled
142 warn tileserver@1.0.0 No repository field.
143 verbose If you need help, you may report this error at:
143 verbose     <https://github.com/npm/npm/issues>
144 verbose stack Error: zlib@1.0.5 preinstall: `node-waf clean || true; node-waf configure build`
144 verbose stack spawn ENOENT
144 verbose stack     at ChildProcess.<anonymous> (/usr/local/lib/node_modules/npm/lib/utils/spawn.js:33:16)
144 verbose stack     at emitTwo (events.js:106:13)
144 verbose stack     at ChildProcess.emit (events.js:191:7)
144 verbose stack     at maybeClose (internal/child_process.js:891:16)
144 verbose stack     at Process.ChildProcess._handle.onexit (internal/child_process.js:226:5)
145 verbose pkgid zlib@1.0.5
146 verbose cwd /Users/john/code/macrostrat/tileserver/seeder
147 error Darwin 17.3.0
148 error argv "/usr/local/bin/node" "/usr/local/bin/npm" "install" "--save" "zlib"
149 error node v6.11.2
150 error npm  v3.10.10
151 error file sh
152 error code ELIFECYCLE
153 error errno ENOENT
154 error syscall spawn
155 error zlib@1.0.5 preinstall: `node-waf clean || true; node-waf configure build`
155 error spawn ENOENT
156 error Failed at the zlib@1.0.5 preinstall script 'node-waf clean || true; node-waf configure build'.
156 error Make sure you have the latest version of node.js and npm installed.
156 error If you do, this is most likely a problem with the zlib package,
156 error not with npm itself.
156 error Tell the author that this fails on your system:
156 error     node-waf clean || true; node-waf configure build
156 error You can get information on how to open an issue for this project with:
156 error     npm bugs zlib
156 error Or if that isn't available, you can get their info via:
156 error     npm owner ls zlib
156 error There is likely additional logging output above.
157 verbose exit [ 1, true ]
